<?xml version="1.0" encoding="UTF-8"?>
<robot generated="20200823 23:38:31.623" generator="Robot 3.0.4 (Python 2.7.17 on darwin)">
<suite source="/Users/tararatwongsansee/NRM-M_Project/Demo_test.robot" id="s1" name="Demo test">
<test id="s1-t1" name="test_demo">
<kw name="Open App">
<kw name="Run Keyword If" library="BuiltIn">
<doc>Runs the given keyword with the given arguments, if ``condition`` is true.</doc>
<arguments>
<arg>"${PLATFORM}"=="Android"</arg>
<arg>Android Open app</arg>
<arg>ELSE IF</arg>
<arg>"${PLATFORM}"=="iOS"</arg>
<arg>iOS Open App</arg>
</arguments>
<kw name="iOS Open App">
<kw name="Open Application" library="AppiumLibrary">
<doc>Opens a new application to given Appium server.</doc>
<arguments>
<arg>${REMOTE_URL}</arg>
<arg>platformName=${PLATFORM_NAME}</arg>
<arg>platformVersion=13.5</arg>
<arg>deviceName=iPhone 8</arg>
<arg>app=${APP_LOCATION}</arg>
</arguments>
<kw name="Capture Page Screenshot" library="AppiumLibrary">
<doc>Takes a screenshot of the current page and embeds it into the log.</doc>
<msg timestamp="20200823 23:38:31.816" level="FAIL">No application is open</msg>
<status status="FAIL" endtime="20200823 23:38:31.817" starttime="20200823 23:38:31.813"></status>
</kw>
<msg timestamp="20200823 23:38:31.817" level="WARN">Keyword 'Capture Page Screenshot' could not be run on failure: No application is open</msg>
<msg timestamp="20200823 23:38:31.819" level="FAIL">WebDriverException: Message: An unknown server-side error occurred while processing the command. Original error: New app path '/Users/tararatwongsansee/Library/Developer/Xcode/DerivedData/ProjectDemo-gpsiifkdlcoevefdnzzsvuqgxaig/Build/Products/Debug-iphonesimulator/ProjectDemo.app' did not have extension(s) '.apk,.apks'
</msg>
<status status="FAIL" endtime="20200823 23:38:31.819" starttime="20200823 23:38:31.769"></status>
</kw>
<status status="FAIL" endtime="20200823 23:38:31.820" starttime="20200823 23:38:31.768"></status>
</kw>
<status status="FAIL" endtime="20200823 23:38:31.820" starttime="20200823 23:38:31.768"></status>
</kw>
<status status="FAIL" endtime="20200823 23:38:31.820" starttime="20200823 23:38:31.767"></status>
</kw>
<status status="FAIL" endtime="20200823 23:38:31.821" critical="yes" starttime="20200823 23:38:31.767">WebDriverException: Message: An unknown server-side error occurred while processing the command. Original error: New app path '/Users/tararatwongsansee/Library/Developer/Xcode/DerivedData/ProjectDemo-gpsiifkdlcoevefdnzzsvuqgxaig/Build/Products/Debug-iphonesimulator/ProjectDemo.app' did not have extension(s) '.apk,.apks'
</status>
</test>
<status status="FAIL" endtime="20200823 23:38:31.821" starttime="20200823 23:38:31.627"></status>
</suite>
<statistics>
<total>
<stat fail="1" pass="0">Critical Tests</stat>
<stat fail="1" pass="0">All Tests</stat>
</total>
<tag>
</tag>
<suite>
<stat fail="1" id="s1" name="Demo test" pass="0">Demo test</stat>
</suite>
</statistics>
<errors>
<msg timestamp="20200823 23:38:31.817" level="WARN">Keyword 'Capture Page Screenshot' could not be run on failure: No application is open</msg>
</errors>
</robot>
